[2026-06-11 20:26:48] Intento de login - Usuario: sebas - Contrasena: 123456
[2026-06-11 20:26:49] Intento de login - Usuario: sebas - Contrasena: password
[2026-06-11 20:26:49] Intento de login - Usuario: sebas - Contrasena: admin
[2026-06-11 20:26:49] Intento de login - Usuario: sebas - Contrasena: root
[2026-06-11 20:26:49] Intento de login - Usuario: sebas - Contrasena: letmein
[2026-06-11 20:26:49] Intento de login - Usuario: sebas - Contrasena: qwerty
[2026-06-11 20:26:50] Intento de login - Usuario: sebas - Contrasena: abc123
[2026-06-11 20:26:50] Intento de login - Usuario: sebas - Contrasena: monkey
[2026-06-11 20:26:50] Intento de login - Usuario: sebas - Contrasena: master
[2026-06-11 20:26:50] Intento de login - Usuario: sebas - Contrasena: dragon
[2026-06-11 20:26:50] Intento de login - Usuario: sebas - Contrasena: login
[2026-06-11 20:26:51] Intento de login - Usuario: sebas - Contrasena: princess
[2026-06-11 20:26:51] Intento de login - Usuario: sebas - Contrasena: football
[2026-06-11 20:26:51] Intento de login - Usuario: sebas - Contrasena: shadow
[2026-06-11 20:26:51] Intento de login - Usuario: sebas - Contrasena: sunshine
[2026-06-11 20:26:51] Intento de login - Usuario: sebas - Contrasena: trustno1
[2026-06-11 20:26:52] Intento de login - Usuario: sebas - Contrasena: iloveyou
[2026-06-11 20:26:52] Intento de login - Usuario: sebas - Contrasena: batman
[2026-06-11 20:26:52] Intento de login - Usuario: sebas - Contrasena: access
[2026-06-11 20:26:52] Intento de login - Usuario: sebas - Contrasena: hello
[2026-06-11 20:26:53] Intento de login - Usuario: sebas - Contrasena: charlie
[2026-06-11 20:26:53] Intento de login - Usuario: sebas - Contrasena: donald
[2026-06-11 20:26:53] Intento de login - Usuario: sebas - Contrasena: password1
[2026-06-11 20:26:53] Intento de login - Usuario: sebas - Contrasena: qwerty123
[2026-06-11 20:26:53] Intento de login - Usuario: sebas - Contrasena: admin123
